<?xml version="1.0" encoding="UTF-8"?>
<!-- Generated by org.testng.reporters.JUnitXMLReporter -->
<testsuite hostname="RLE0577" name="Test" tests="3" failures="0" timestamp="28 Jun 2021 14:49:37 GMT" time="20.206" errors="0">
  <testcase name="openURL" time="18.908" classname="com.automation.testcases.ShadowDom"/>
  <testcase name="printListText" time="0.138" classname="com.automation.testcases.ShadowDom"/>
  <testcase name="printText" time="0.045" classname="com.automation.testcases.ShadowDom"/>
</testsuite> <!-- Test -->
